[INFO] Scanning for projects...
[INFO] 
[INFO] -------------------< com.axonrh:integration-service >-------------------
[INFO] Building AxonRH Integration Service 1.0.0-SNAPSHOT
[INFO]   from pom.xml
[INFO] --------------------------------[ jar ]---------------------------------
[INFO] 
[INFO] --- clean:3.4.0:clean (default-clean) @ integration-service ---
[INFO] Deleting C:\Users\Jaime.Vicente\axonrh\backend\integration-service\target
[INFO] 
[INFO] --- resources:3.3.1:resources (default-resources) @ integration-service ---
[INFO] Copying 1 resource from src\main\resources to target\classes
[INFO] Copying 2 resources from src\main\resources to target\classes
[INFO] 
[INFO] --- compiler:3.13.0:compile (default-compile) @ integration-service ---
[INFO] Recompiling the module because of changed source code.
[INFO] Compiling 34 source files with javac [debug parameters release 17] to target\classes
[INFO] /C:/Users/Jaime.Vicente/axonrh/backend/integration-service/src/main/java/com/axonrh/integration/dynamic/service/DynamicIntegrationService.java: C:\Users\Jaime.Vicente\axonrh\backend\integration-service\src\main\java\com\axonrh\integration\dynamic\service\DynamicIntegrationService.java uses unchecked or unsafe operations.
[INFO] /C:/Users/Jaime.Vicente/axonrh/backend/integration-service/src/main/java/com/axonrh/integration/dynamic/service/DynamicIntegrationService.java: Recompile with -Xlint:unchecked for details.
[INFO] 
[INFO] --- resources:3.3.1:testResources (default-testResources) @ integration-service ---
[INFO] skip non existing resourceDirectory C:\Users\Jaime.Vicente\axonrh\backend\integration-service\src\test\resources
[INFO] 
[INFO] --- compiler:3.13.0:testCompile (default-testCompile) @ integration-service ---
[INFO] Recompiling the module because of changed dependency.
[INFO] Compiling 1 source file with javac [debug parameters release 17] to target\test-classes
[INFO] -------------------------------------------------------------
[ERROR] COMPILATION ERROR : 
[INFO] -------------------------------------------------------------
[ERROR] /C:/Users/Jaime.Vicente/axonrh/backend/integration-service/src/test/java/com/axonrh/integration/dynamic/DynamicIntegrationTest.java:[21,34] package org.testcontainers.junit.jupiter does not exist
[ERROR] /C:/Users/Jaime.Vicente/axonrh/backend/integration-service/src/test/java/com/axonrh/integration/dynamic/DynamicIntegrationTest.java:[24,38] package org.testcontainers.junit.jupiter does not exist
[INFO] 2 errors 
[INFO] -------------------------------------------------------------
[INFO] ------------------------------------------------------------------------
[INFO] BUILD FAILURE
[INFO] ------------------------------------------------------------------------
[INFO] Total time:  7.301 s
[INFO] Finished at: 2026-02-13T09:25:18-03:00
[INFO] ------------------------------------------------------------------------
[ERROR] Failed to execute goal org.apache.maven.plugins:maven-compiler-plugin:3.13.0:testCompile (default-testCompile) on project integration-service: Compilation failure: Compilation failure: 
[ERROR] /C:/Users/Jaime.Vicente/axonrh/backend/integration-service/src/test/java/com/axonrh/integration/dynamic/DynamicIntegrationTest.java:[21,34] package org.testcontainers.junit.jupiter does not exist
[ERROR] /C:/Users/Jaime.Vicente/axonrh/backend/integration-service/src/test/java/com/axonrh/integration/dynamic/DynamicIntegrationTest.java:[24,38] package org.testcontainers.junit.jupiter does not exist
[ERROR] -> [Help 1]
[ERROR] 
[ERROR] To see the full stack trace of the errors, re-run Maven with the -e switch.
[ERROR] Re-run Maven using the -X switch to enable full debug logging.
[ERROR] 
[ERROR] For more information about the errors and possible solutions, please read the following articles:
[ERROR] [Help 1] http://cwiki.apache.org/confluence/display/MAVEN/MojoFailureException
